0 info it worked if it ends with ok
1 verbose cli [ '/home/diogo/.nvm/versions/node/v6.15.1/bin/node',
1 verbose cli   '/home/diogo/.nvm/versions/node/v6.15.1/bin/npm',
1 verbose cli   'i',
1 verbose cli   'iron-demo-helpers',
1 verbose cli   '--save' ]
2 info using npm@3.10.10
3 info using node@v6.15.1
4 silly loadCurrentTree Starting
5 silly install loadCurrentTree
6 silly install readLocalPackageData
7 silly fetchPackageMetaData iron-demo-helpers
8 silly fetchNamedPackageData iron-demo-helpers
9 silly mapToRegistry name iron-demo-helpers
10 silly mapToRegistry using default registry
11 silly mapToRegistry registry https://registry.npmjs.org/
12 silly mapToRegistry data Result {
12 silly mapToRegistry   raw: 'iron-demo-helpers',
12 silly mapToRegistry   scope: null,
12 silly mapToRegistry   escapedName: 'iron-demo-helpers',
12 silly mapToRegistry   name: 'iron-demo-helpers',
12 silly mapToRegistry   rawSpec: '',
12 silly mapToRegistry   spec: 'latest',
12 silly mapToRegistry   type: 'tag' }
13 silly mapToRegistry uri https://registry.npmjs.org/iron-demo-helpers
14 verbose request uri https://registry.npmjs.org/iron-demo-helpers
15 verbose request no auth needed
16 info attempt registry request try #1 at 5:37:02 PM
17 verbose request id 73859b02ae3912bd
18 http request GET https://registry.npmjs.org/iron-demo-helpers
19 http 200 https://registry.npmjs.org/iron-demo-helpers
20 verbose headers { date: 'Sun, 13 Jan 2019 17:37:03 GMT',
20 verbose headers   'content-type': 'application/json; charset=UTF-8',
20 verbose headers   'transfer-encoding': 'chunked',
20 verbose headers   connection: 'keep-alive',
20 verbose headers   'set-cookie': [ '__cfduid=d56ef6800f65004b3c49d16d92b923a6d1547401022; expires=Mon, 13-Jan-20 17:37:02 GMT; path=/; domain=.registry.npmjs.org; HttpOnly' ],
20 verbose headers   'cf-cache-status': 'MISS',
20 verbose headers   'cache-control': 'max-age=300',
20 verbose headers   'cf-ray': '4989a0e6d97f6242-LIS',
20 verbose headers   etag: 'W/"bef134493450f723b14cbe6a10902ee6"',
20 verbose headers   'expect-ct': 'max-age=604800, report-uri="https://report-uri.cloudflare.com/cdn-cgi/beacon/expect-ct"',
20 verbose headers   'last-modified': 'Sun, 27 May 2018 04:58:10 GMT',
20 verbose headers   vary: 'accept-encoding, accept',
20 verbose headers   server: 'cloudflare',
20 verbose headers   'content-encoding': 'gzip' }
21 silly get cb [ 200,
21 silly get   { date: 'Sun, 13 Jan 2019 17:37:03 GMT',
21 silly get     'content-type': 'application/json; charset=UTF-8',
21 silly get     'transfer-encoding': 'chunked',
21 silly get     connection: 'keep-alive',
21 silly get     'set-cookie': [ '__cfduid=d56ef6800f65004b3c49d16d92b923a6d1547401022; expires=Mon, 13-Jan-20 17:37:02 GMT; path=/; domain=.registry.npmjs.org; HttpOnly' ],
21 silly get     'cf-cache-status': 'MISS',
21 silly get     'cache-control': 'max-age=300',
21 silly get     'cf-ray': '4989a0e6d97f6242-LIS',
21 silly get     etag: 'W/"bef134493450f723b14cbe6a10902ee6"',
21 silly get     'expect-ct': 'max-age=604800, report-uri="https://report-uri.cloudflare.com/cdn-cgi/beacon/expect-ct"',
21 silly get     'last-modified': 'Sun, 27 May 2018 04:58:10 GMT',
21 silly get     vary: 'accept-encoding, accept',
21 silly get     server: 'cloudflare',
21 silly get     'content-encoding': 'gzip' } ]
22 verbose get saving iron-demo-helpers to /home/diogo/.npm/registry.npmjs.org/iron-demo-helpers/.cache.json
23 verbose correctMkdir /home/diogo/.npm correctMkdir not in flight; initializing
24 verbose stack TypeError: Cannot convert undefined or null to object
24 verbose stack     at pickVersionFromRegistryDocument (/home/diogo/.nvm/versions/node/v6.15.1/lib/node_modules/npm/lib/fetch-package-metadata.js:125:29)
24 verbose stack     at /home/diogo/.nvm/versions/node/v6.15.1/lib/node_modules/npm/node_modules/iferr/index.js:13:50
24 verbose stack     at /home/diogo/.nvm/versions/node/v6.15.1/lib/node_modules/npm/lib/utils/pulse-till-done.js:20:8
24 verbose stack     at saved (/home/diogo/.nvm/versions/node/v6.15.1/lib/node_modules/npm/lib/cache/caching-client.js:174:7)
24 verbose stack     at /home/diogo/.nvm/versions/node/v6.15.1/lib/node_modules/npm/node_modules/graceful-fs/polyfills.js:241:18
24 verbose stack     at FSReqWrap.oncomplete (fs.js:123:15)
25 verbose cwd /home/diogo/www/gitPRojs/tysix
26 error Linux 4.15.0-43-generic
27 error argv "/home/diogo/.nvm/versions/node/v6.15.1/bin/node" "/home/diogo/.nvm/versions/node/v6.15.1/bin/npm" "i" "iron-demo-helpers" "--save"
28 error node v6.15.1
29 error npm  v3.10.10
30 error Cannot convert undefined or null to object
31 error If you need help, you may report this error at:
31 error     <https://github.com/npm/npm/issues>
32 verbose exit [ 1, true ]
